<?xml version="1.0" encoding="UTF-8"?>
<!-- Generated by org.testng.reporters.JUnitReportReporter -->
<testsuite skipped="0" hostname="DESKTOP-R408AKF" name="com.wow.Mobileloan" tests="1" failures="0" timestamp="06 Jan 2020 11:45:22 GMT" time="0.002" errors="0">
  <testcase name="Mobile_Loan_nag" time="0.002" classname="com.wow.Mobileloan"/>
</testsuite> <!-- com.wow.Mobileloan -->
