<?xml version="1.0" encoding="UTF-8"?>
<!-- Generated by org.testng.reporters.JUnitReportReporter -->
<testsuite skipped="0" hostname="DESKTOP-R408AKF" name="com.wow.HomeLoan" tests="3" failures="0" timestamp="06 Jan 2020 10:09:14 GMT" time="0.005" errors="0">
  <testcase name="santhosh_homeloan" time="0.002" classname="com.wow.HomeLoan"/>
  <testcase name="ram_homeloan" time="0.002" classname="com.wow.HomeLoan"/>
  <testcase name="ram_homeloan" time="0.001" classname="com.wow.HomeLoan"/>
</testsuite> <!-- com.wow.HomeLoan -->
