<?xml version="1.0" encoding="UTF-8"?>
<!-- Generated by org.testng.reporters.JUnitReportReporter -->
<testsuite skipped="0" hostname="DESKTOP-R408AKF" name="com.wow.Day" tests="1" failures="0" timestamp="06 Jan 2020 10:09:14 GMT" time="0.009" errors="0">
  <testcase name="fish" time="0.009" classname="com.wow.Day"/>
</testsuite> <!-- com.wow.Day -->
